This is pdfTeX, Version 3.141592653-2.6-1.40.26 (MiKTeX 24.4) (preloaded format=pdflatex 2024.11.17)  1 DEC 2024 18:20
entering extended mode
 restricted \write18 enabled.
 %&-line parsing enabled.
**"./Design Document.tex"
(Design Document.tex
LaTeX2e <2024-11-01>
L3 programming layer <2024-11-02>
(/home/nastya/.miktex/texmfs/install/tex/latex/base/article.cls
Document Class: article 2024/06/29 v1.4n Standard LaTeX document class
(/home/nastya/.miktex/texmfs/install/tex/latex/base/size10.clo
File: size10.clo 2024/06/29 v1.4n Standard LaTeX file (size option)
)
\c@part=\count196
\c@section=\count197
\c@subsection=\count198
\c@subsubsection=\count199
\c@paragraph=\count266
\c@subparagraph=\count267
\c@figure=\count268
\c@table=\count269
\abovecaptionskip=\skip49
\belowcaptionskip=\skip50
\bibindent=\dimen141
)
(/home/nastya/.miktex/texmfs/install/tex/latex/fontsize/fontsize.sty
Package: fontsize 2021/08/04 v0.8.5 'fontsize' package. Set main font sizes (Iv
an Valbusa)

(/home/nastya/.miktex/texmfs/install/tex/latex/xkeyval/xkeyval.sty
Package: xkeyval 2022/06/16 v2.9 package option processing (HA)

(/home/nastya/.miktex/texmfs/install/tex/generic/xkeyval/xkeyval.tex
(/home/nastya/.miktex/texmfs/install/tex/generic/xkeyval/xkvutils.tex
\XKV@toks=\toks17
\XKV@tempa@toks=\toks18

(/home/nastya/.miktex/texmfs/install/tex/generic/xkeyval/keyval.tex))
\XKV@depth=\count270
File: xkeyval.tex 2014/12/03 v2.7a key=value parser (HA)
))
(/home/nastya/.miktex/texmfs/install/tex/latex/l3packages/xfp/xfp.sty
(/home/nastya/.miktex/texmfs/install/tex/latex/l3kernel/expl3.sty
Package: expl3 2024-11-02 L3 programming layer (loader) 

(/home/nastya/.miktex/texmfs/install/tex/latex/l3backend/l3backend-pdftex.def
File: l3backend-pdftex.def 2024-05-08 L3 backend support: PDF output (pdfTeX)
\l__color_backend_stack_int=\count271
\l__pdf_internal_box=\box52
))
Package: xfp 2024-08-16 L3 Floating point unit
))

LaTeX Font Warning: Font shape `OT1/cmr/m/n' in size <13> not available
(Font)              size <12> substituted on input line 3.

(/home/nastya/.miktex/texmfs/install/tex/latex/geometry/geometry.sty
Package: geometry 2020/01/02 v5.9 Page Geometry

(/home/nastya/.miktex/texmfs/install/tex/generic/iftex/ifvtex.sty
Package: ifvtex 2019/10/25 v1.7 ifvtex legacy package. Use iftex instead.

(/home/nastya/.miktex/texmfs/install/tex/generic/iftex/iftex.sty
Package: iftex 2022/02/03 v1.0f TeX engine tests
))
\Gm@cnth=\count272
\Gm@cntv=\count273
\c@Gm@tempcnt=\count274
\Gm@bindingoffset=\dimen142
\Gm@wd@mp=\dimen143
\Gm@odd@mp=\dimen144
\Gm@even@mp=\dimen145
\Gm@layoutwidth=\dimen146
\Gm@layoutheight=\dimen147
\Gm@layouthoffset=\dimen148
\Gm@layoutvoffset=\dimen149
\Gm@dimlist=\toks19

(/home/nastya/.miktex/texmfs/install/tex/latex/geometry/geometry.cfg))
(/home/nastya/.miktex/texmfs/install/tex/latex/graphics/graphicx.sty
Package: graphicx 2021/09/16 v1.2d Enhanced LaTeX Graphics (DPC,SPQR)

(/home/nastya/.miktex/texmfs/install/tex/latex/graphics/graphics.sty
Package: graphics 2024/08/06 v1.4g Standard LaTeX Graphics (DPC,SPQR)

(/home/nastya/.miktex/texmfs/install/tex/latex/graphics/trig.sty
Package: trig 2023/12/02 v1.11 sin cos tan (DPC)
)
(/home/nastya/.miktex/texmfs/install/tex/latex/graphics-cfg/graphics.cfg
File: graphics.cfg 2016/06/04 v1.11 sample graphics configuration
)
Package graphics Info: Driver file: pdftex.def on input line 106.

(/home/nastya/.miktex/texmfs/install/tex/latex/graphics-def/pdftex.def
File: pdftex.def 2024/04/13 v1.2c Graphics/color driver for pdftex
))
\Gin@req@height=\dimen150
\Gin@req@width=\dimen151
)
(/home/nastya/.miktex/texmfs/install/tex/latex/base/fontenc.sty
Package: fontenc 2021/04/29 v2.0v Standard LaTeX package

(/home/nastya/.miktex/texmfs/install/tex/latex/cyrillic/t2aenc.def
File: t2aenc.def 2023/11/07 v1.0k Cyrillic encoding definition file
Now handling font encoding T2A ...
... processing UTF-8 mapping file for font encoding T2A

(/home/nastya/.miktex/texmfs/install/tex/latex/base/t2aenc.dfu
File: t2aenc.dfu 2022/06/07 v1.3c UTF-8 support
   defining Unicode char U+00A4 (decimal 164)
   defining Unicode char U+00A7 (decimal 167)
   defining Unicode char U+00AB (decimal 171)
   defining Unicode char U+00BB (decimal 187)
   defining Unicode char U+0131 (decimal 305)
   defining Unicode char U+0237 (decimal 567)
   defining Unicode char U+0400 (decimal 1024)
   defining Unicode char U+0401 (decimal 1025)
   defining Unicode char U+0402 (decimal 1026)
   defining Unicode char U+0403 (decimal 1027)
   defining Unicode char U+0404 (decimal 1028)
   defining Unicode char U+0405 (decimal 1029)
   defining Unicode char U+0406 (decimal 1030)
   defining Unicode char U+0407 (decimal 1031)
   defining Unicode char U+0408 (decimal 1032)
   defining Unicode char U+0409 (decimal 1033)
   defining Unicode char U+040A (decimal 1034)
   defining Unicode char U+040B (decimal 1035)
   defining Unicode char U+040C (decimal 1036)
   defining Unicode char U+040D (decimal 1037)
   defining Unicode char U+040E (decimal 1038)
   defining Unicode char U+040F (decimal 1039)
   defining Unicode char U+0410 (decimal 1040)
   defining Unicode char U+0411 (decimal 1041)
   defining Unicode char U+0412 (decimal 1042)
   defining Unicode char U+0413 (decimal 1043)
   defining Unicode char U+0414 (decimal 1044)
   defining Unicode char U+0415 (decimal 1045)
   defining Unicode char U+0416 (decimal 1046)
   defining Unicode char U+0417 (decimal 1047)
   defining Unicode char U+0418 (decimal 1048)
   defining Unicode char U+0419 (decimal 1049)
   defining Unicode char U+041A (decimal 1050)
   defining Unicode char U+041B (decimal 1051)
   defining Unicode char U+041C (decimal 1052)
   defining Unicode char U+041D (decimal 1053)
   defining Unicode char U+041E (decimal 1054)
   defining Unicode char U+041F (decimal 1055)
   defining Unicode char U+0420 (decimal 1056)
   defining Unicode char U+0421 (decimal 1057)
   defining Unicode char U+0422 (decimal 1058)
   defining Unicode char U+0423 (decimal 1059)
   defining Unicode char U+0424 (decimal 1060)
   defining Unicode char U+0425 (decimal 1061)
   defining Unicode char U+0426 (decimal 1062)
   defining Unicode char U+0427 (decimal 1063)
   defining Unicode char U+0428 (decimal 1064)
   defining Unicode char U+0429 (decimal 1065)
   defining Unicode char U+042A (decimal 1066)
   defining Unicode char U+042B (decimal 1067)
   defining Unicode char U+042C (decimal 1068)
   defining Unicode char U+042D (decimal 1069)
   defining Unicode char U+042E (decimal 1070)
   defining Unicode char U+042F (decimal 1071)
   defining Unicode char U+0430 (decimal 1072)
   defining Unicode char U+0431 (decimal 1073)
   defining Unicode char U+0432 (decimal 1074)
   defining Unicode char U+0433 (decimal 1075)
   defining Unicode char U+0434 (decimal 1076)
   defining Unicode char U+0435 (decimal 1077)
   defining Unicode char U+0436 (decimal 1078)
   defining Unicode char U+0437 (decimal 1079)
   defining Unicode char U+0438 (decimal 1080)
   defining Unicode char U+0439 (decimal 1081)
   defining Unicode char U+043A (decimal 1082)
   defining Unicode char U+043B (decimal 1083)
   defining Unicode char U+043C (decimal 1084)
   defining Unicode char U+043D (decimal 1085)
   defining Unicode char U+043E (decimal 1086)
   defining Unicode char U+043F (decimal 1087)
   defining Unicode char U+0440 (decimal 1088)
   defining Unicode char U+0441 (decimal 1089)
   defining Unicode char U+0442 (decimal 1090)
   defining Unicode char U+0443 (decimal 1091)
   defining Unicode char U+0444 (decimal 1092)
   defining Unicode char U+0445 (decimal 1093)
   defining Unicode char U+0446 (decimal 1094)
   defining Unicode char U+0447 (decimal 1095)
   defining Unicode char U+0448 (decimal 1096)
   defining Unicode char U+0449 (decimal 1097)
   defining Unicode char U+044A (decimal 1098)
   defining Unicode char U+044B (decimal 1099)
   defining Unicode char U+044C (decimal 1100)
   defining Unicode char U+044D (decimal 1101)
   defining Unicode char U+044E (decimal 1102)
   defining Unicode char U+044F (decimal 1103)
   defining Unicode char U+0450 (decimal 1104)
   defining Unicode char U+0451 (decimal 1105)
   defining Unicode char U+0452 (decimal 1106)
   defining Unicode char U+0453 (decimal 1107)
   defining Unicode char U+0454 (decimal 1108)
   defining Unicode char U+0455 (decimal 1109)
   defining Unicode char U+0456 (decimal 1110)
   defining Unicode char U+0457 (decimal 1111)
   defining Unicode char U+0458 (decimal 1112)
   defining Unicode char U+0459 (decimal 1113)
   defining Unicode char U+045A (decimal 1114)
   defining Unicode char U+045B (decimal 1115)
   defining Unicode char U+045C (decimal 1116)
   defining Unicode char U+045D (decimal 1117)
   defining Unicode char U+045E (decimal 1118)
   defining Unicode char U+045F (decimal 1119)
   defining Unicode char U+0490 (decimal 1168)
   defining Unicode char U+0491 (decimal 1169)
   defining Unicode char U+0492 (decimal 1170)
   defining Unicode char U+0493 (decimal 1171)
   defining Unicode char U+0496 (decimal 1174)
   defining Unicode char U+0497 (decimal 1175)
   defining Unicode char U+0498 (decimal 1176)
   defining Unicode char U+0499 (decimal 1177)
   defining Unicode char U+049A (decimal 1178)
   defining Unicode char U+049B (decimal 1179)
   defining Unicode char U+049C (decimal 1180)
   defining Unicode char U+049D (decimal 1181)
   defining Unicode char U+04A0 (decimal 1184)
   defining Unicode char U+04A1 (decimal 1185)
   defining Unicode char U+04A2 (decimal 1186)
   defining Unicode char U+04A3 (decimal 1187)
   defining Unicode char U+04A4 (decimal 1188)
   defining Unicode char U+04A5 (decimal 1189)
   defining Unicode char U+04AA (decimal 1194)
   defining Unicode char U+04AB (decimal 1195)
   defining Unicode char U+04AE (decimal 1198)
   defining Unicode char U+04AF (decimal 1199)
   defining Unicode char U+04B0 (decimal 1200)
   defining Unicode char U+04B1 (decimal 1201)
   defining Unicode char U+04B2 (decimal 1202)
   defining Unicode char U+04B3 (decimal 1203)
   defining Unicode char U+04B6 (decimal 1206)
   defining Unicode char U+04B7 (decimal 1207)
   defining Unicode char U+04B8 (decimal 1208)
   defining Unicode char U+04B9 (decimal 1209)
   defining Unicode char U+04BA (decimal 1210)
   defining Unicode char U+04BB (decimal 1211)
   defining Unicode char U+04C0 (decimal 1216)
   defining Unicode char U+04C1 (decimal 1217)
   defining Unicode char U+04C2 (decimal 1218)
   defining Unicode char U+04D0 (decimal 1232)
   defining Unicode char U+04D1 (decimal 1233)
   defining Unicode char U+04D2 (decimal 1234)
   defining Unicode char U+04D3 (decimal 1235)
   defining Unicode char U+04D4 (decimal 1236)
   defining Unicode char U+04D5 (decimal 1237)
   defining Unicode char U+04D6 (decimal 1238)
   defining Unicode char U+04D7 (decimal 1239)
   defining Unicode char U+04D8 (decimal 1240)
   defining Unicode char U+04D9 (decimal 1241)
   defining Unicode char U+04DA (decimal 1242)
   defining Unicode char U+04DB (decimal 1243)
   defining Unicode char U+04DC (decimal 1244)
   defining Unicode char U+04DD (decimal 1245)
   defining Unicode char U+04DE (decimal 1246)
   defining Unicode char U+04DF (decimal 1247)
   defining Unicode char U+04E2 (decimal 1250)
   defining Unicode char U+04E3 (decimal 1251)
   defining Unicode char U+04E4 (decimal 1252)
   defining Unicode char U+04E5 (decimal 1253)
   defining Unicode char U+04E6 (decimal 1254)
   defining Unicode char U+04E7 (decimal 1255)
   defining Unicode char U+04E8 (decimal 1256)
   defining Unicode char U+04E9 (decimal 1257)
   defining Unicode char U+04EC (decimal 1260)
   defining Unicode char U+04ED (decimal 1261)
   defining Unicode char U+04EE (decimal 1262)
   defining Unicode char U+04EF (decimal 1263)
   defining Unicode char U+04F0 (decimal 1264)
   defining Unicode char U+04F1 (decimal 1265)
   defining Unicode char U+04F2 (decimal 1266)
   defining Unicode char U+04F3 (decimal 1267)
   defining Unicode char U+04F4 (decimal 1268)
   defining Unicode char U+04F5 (decimal 1269)
   defining Unicode char U+04F8 (decimal 1272)
   defining Unicode char U+04F9 (decimal 1273)
   defining Unicode char U+200C (decimal 8204)
   defining Unicode char U+2013 (decimal 8211)
   defining Unicode char U+2014 (decimal 8212)
   defining Unicode char U+2018 (decimal 8216)
   defining Unicode char U+2019 (decimal 8217)
   defining Unicode char U+201C (decimal 8220)
   defining Unicode char U+201D (decimal 8221)
   defining Unicode char U+201E (decimal 8222)
   defining Unicode char U+2030 (decimal 8240)
   defining Unicode char U+2031 (decimal 8241)
   defining Unicode char U+2116 (decimal 8470)
   defining Unicode char U+2329 (decimal 9001)
   defining Unicode char U+3008 (decimal 12296)
   defining Unicode char U+232A (decimal 9002)
   defining Unicode char U+3009 (decimal 12297)
   defining Unicode char U+2423 (decimal 9251)
   defining Unicode char U+27E8 (decimal 10216)
   defining Unicode char U+27E9 (decimal 10217)
   defining Unicode char U+FB00 (decimal 64256)
   defining Unicode char U+FB01 (decimal 64257)
   defining Unicode char U+FB02 (decimal 64258)
   defining Unicode char U+FB03 (decimal 64259)
   defining Unicode char U+FB04 (decimal 64260)
   defining Unicode char U+FB05 (decimal 64261)
   defining Unicode char U+FB06 (decimal 64262)
))
LaTeX Font Info:    Trying to load font information for T2A+cmr on input line 1
16.

(/home/nastya/.miktex/texmfs/install/tex/latex/cyrillic/t2acmr.fd
File: t2acmr.fd 2001/08/11 v1.0a Computer Modern Cyrillic font definitions
)

LaTeX Font Warning: Font shape `T2A/cmr/m/n' in size <13> not available
(Font)              size <12> substituted on input line 116.

)
*geometry* verbose mode - [ newgeometry ] result:
* driver: 
* paper: <default>
* layout: <same size as paper>
* layoutoffset:(h,v)=(0.0pt,0.0pt)
* modes: 
* h-part:(L,W,R)=(28.45274pt, 528.93675pt, 56.9055pt)
* v-part:(T,H,B)=(56.9055pt, 681.15898pt, 56.9055pt)
* \paperwidth=614.295pt
* \paperheight=794.96999pt
* \textwidth=528.93675pt
* \textheight=681.15898pt
* \oddsidemargin=-43.81725pt
* \evensidemargin=-43.81725pt
* \topmargin=-52.36449pt
* \headheight=12.0pt
* \headsep=25.0pt
* \topskip=10.0pt
* \footskip=30.0pt
* \marginparwidth=65.0pt
* \marginparsep=11.0pt
* \columnsep=10.0pt
* \skip\footins=11.69997pt plus 5.19942pt minus 2.60054pt
* \hoffset=0.0pt
* \voffset=0.0pt
* \mag=1000
* \@twocolumnfalse
* \@twosidefalse
* \@mparswitchfalse
* \@reversemarginfalse
* (1in=72.27pt=25.4mm, 1cm=28.453pt)

 (Design Document.aux)
\openout1 = `"Design Document.aux"'.

LaTeX Font Info:    Checking defaults for OML/cmm/m/it on input line 11.
LaTeX Font Info:    ... okay on input line 11.
LaTeX Font Info:    Checking defaults for OMS/cmsy/m/n on input line 11.
LaTeX Font Info:    ... okay on input line 11.
LaTeX Font Info:    Checking defaults for OT1/cmr/m/n on input line 11.
LaTeX Font Info:    ... okay on input line 11.
LaTeX Font Info:    Checking defaults for T1/cmr/m/n on input line 11.
LaTeX Font Info:    ... okay on input line 11.
LaTeX Font Info:    Checking defaults for TS1/cmr/m/n on input line 11.
LaTeX Font Info:    ... okay on input line 11.
LaTeX Font Info:    Checking defaults for OMX/cmex/m/n on input line 11.
LaTeX Font Info:    ... okay on input line 11.
LaTeX Font Info:    Checking defaults for U/cmr/m/n on input line 11.
LaTeX Font Info:    ... okay on input line 11.
LaTeX Font Info:    Checking defaults for T2A/cmr/m/n on input line 11.
LaTeX Font Info:    ... okay on input line 11.

*geometry* driver: auto-detecting
*geometry* detected driver: pdftex
*geometry* verbose mode - [ preamble ] result:
* driver: pdftex
* paper: <default>
* layout: <same size as paper>
* layoutoffset:(h,v)=(0.0pt,0.0pt)
* modes: 
* h-part:(L,W,R)=(28.45274pt, 528.93675pt, 56.9055pt)
* v-part:(T,H,B)=(56.9055pt, 681.15898pt, 56.9055pt)
* \paperwidth=614.295pt
* \paperheight=794.96999pt
* \textwidth=528.93675pt
* \textheight=681.15898pt
* \oddsidemargin=-43.81725pt
* \evensidemargin=-43.81725pt
* \topmargin=-52.36449pt
* \headheight=12.0pt
* \headsep=25.0pt
* \topskip=10.0pt
* \footskip=30.0pt
* \marginparwidth=65.0pt
* \marginparsep=11.0pt
* \columnsep=10.0pt
* \skip\footins=11.69997pt plus 5.19942pt minus 2.60054pt
* \hoffset=0.0pt
* \voffset=0.0pt
* \mag=1000
* \@twocolumnfalse
* \@twosidefalse
* \@mparswitchfalse
* \@reversemarginfalse
* (1in=72.27pt=25.4mm, 1cm=28.453pt)

(/home/nastya/.miktex/texmfs/install/tex/context/base/mkii/supp-pdf.mkii
[Loading MPS to PDF converter (version 2006.09.02).]
\scratchcounter=\count275
\scratchdimen=\dimen152
\scratchbox=\box53
\nofMPsegments=\count276
\nofMParguments=\count277
\everyMPshowfont=\toks20
\MPscratchCnt=\count278
\MPscratchDim=\dimen153
\MPnumerator=\count279
\makeMPintoPDFobject=\count280
\everyMPtoPDFconversion=\toks21
) (/home/nastya/.miktex/texmfs/install/tex/latex/epstopdf-pkg/epstopdf-base.sty
Package: epstopdf-base 2020-01-24 v2.11 Base part for package epstopdf
(/home/nastya/.miktex/texmfs/install/tex/generic/infwarerr/infwarerr.sty
Package: infwarerr 2019/12/03 v1.5 Providing info/warning/error messages (HO)
)
(/home/nastya/.miktex/texmfs/install/tex/latex/grfext/grfext.sty
Package: grfext 2019/12/03 v1.3 Manage graphics extensions (HO)

(/home/nastya/.miktex/texmfs/install/tex/generic/kvdefinekeys/kvdefinekeys.sty
Package: kvdefinekeys 2019-12-19 v1.6 Define keys (HO)
)) (/home/nastya/.miktex/texmfs/install/tex/latex/kvoptions/kvoptions.sty
Package: kvoptions 2022-06-15 v3.15 Key value format for package options (HO)

(/home/nastya/.miktex/texmfs/install/tex/generic/ltxcmds/ltxcmds.sty
Package: ltxcmds 2023-12-04 v1.26 LaTeX kernel commands for general use (HO)
)
(/home/nastya/.miktex/texmfs/install/tex/latex/kvsetkeys/kvsetkeys.sty
Package: kvsetkeys 2022-10-05 v1.19 Key value parser (HO)
))
(/home/nastya/.miktex/texmfs/install/tex/generic/pdftexcmds/pdftexcmds.sty
Package: pdftexcmds 2020-06-27 v0.33 Utility functions of pdfTeX for LuaTeX (HO
)
Package pdftexcmds Info: \pdf@primitive is available.
Package pdftexcmds Info: \pdf@ifprimitive is available.
Package pdftexcmds Info: \pdfdraftmode found.
)
Package epstopdf-base Info: Redefining graphics rule for `.eps' on input line 4
85.
Package grfext Info: Graphics extension search list:
(grfext)             [.pdf,.png,.jpg,.mps,.jpeg,.jbig2,.jb2,.PDF,.PNG,.JPG,.JPE
G,.JBIG2,.JB2,.eps]
(grfext)             \AppendGraphicsExtensions on input line 504.

(/home/nastya/.miktex/texmfs/install/tex/latex/00miktex/epstopdf-sys.cfg
File: epstopdf-sys.cfg 2021/03/18 v2.0 Configuration of epstopdf for MiKTeX
))

LaTeX Font Warning: Font shape `T2A/cmr/m/n' in size <22.46396> not available
(Font)              size <20.74> substituted on input line 13.


LaTeX Font Warning: Font shape `T2A/cmr/m/n' in size <15.59996> not available
(Font)              size <14.4> substituted on input line 13.

LaTeX Font Info:    Calculating math sizes for size <15.59996> on input line 13
.

LaTeX Font Warning: Font shape `OT1/cmr/m/n' in size <15.59996> not available
(Font)              size <14.4> substituted on input line 13.


LaTeX Font Warning: Font shape `OML/cmm/m/it' in size <15.59996> not available
(Font)              size <14.4> substituted on input line 13.


LaTeX Font Warning: Font shape `OMS/cmsy/m/n' in size <15.59996> not available
(Font)              size <14.4> substituted on input line 13.

LaTeX Font Info:    External font `cmex10' loaded for size
(Font)              <15.59996> on input line 13.
LaTeX Font Info:    External font `cmex10' loaded for size
(Font)              <10.91992> on input line 13.
LaTeX Font Info:    External font `cmex10' loaded for size
(Font)              <7.79997> on input line 13.

LaTeX Font Warning: Font shape `T2A/cmr/m/n' in size <18.72003> not available
(Font)              size <17.28> substituted on input line 15.


LaTeX Font Warning: Font shape `T2A/cmr/bx/n' in size <18.72003> not available
(Font)              size <17.28> substituted on input line 15.

(Design Document.toc

LaTeX Font Warning: Font shape `T2A/cmr/bx/n' in size <13> not available
(Font)              size <12> substituted on input line 1.

LaTeX Font Info:    Calculating math sizes for size <13> on input line 3.

LaTeX Font Warning: Font shape `OT1/cmr/m/n' in size <6.5> not available
(Font)              size <6> substituted on input line 3.


LaTeX Font Warning: Font shape `OML/cmm/m/it' in size <13> not available
(Font)              size <12> substituted on input line 3.


LaTeX Font Warning: Font shape `OML/cmm/m/it' in size <6.5> not available
(Font)              size <6> substituted on input line 3.


LaTeX Font Warning: Font shape `OMS/cmsy/m/n' in size <13> not available
(Font)              size <12> substituted on input line 3.


LaTeX Font Warning: Font shape `OMS/cmsy/m/n' in size <6.5> not available
(Font)              size <6> substituted on input line 3.

LaTeX Font Info:    External font `cmex10' loaded for size
(Font)              <13> on input line 3.
LaTeX Font Info:    External font `cmex10' loaded for size
(Font)              <9.09996> on input line 3.
LaTeX Font Info:    External font `cmex10' loaded for size
(Font)              <6.5> on input line 3.
)
\tf@toc=\write3
\openout3 = `"Design Document.toc"'.



[1


{/home/nastya/.miktex/texmfs/data/fonts/map/pdftex/pdftex.map}]

LaTeX Font Warning: Font shape `TS1/cmr/m/n' in size <13> not available
(Font)              size <12> substituted on input line 22.


Overfull \hbox (20.69919pt too wide) in paragraph at lines 24--25
[]\T2A/cmr/m/n/12 Документ разделен на несколько основных разделов, каждый из к
оторых описывает определенные
 []


Overfull \hbox (7.06406pt too wide) in paragraph at lines 46--47
[]\T2A/cmr/m/n/12 Концепт-арт и иконки: Все изображения, использованные в игре,
 были созданы дизайнером
 []


Overfull \hbox (72.01276pt too wide) in paragraph at lines 55--65
 [] 
 []



[2]
Overfull \hbox (10.13344pt too wide) in paragraph at lines 86--87
[]\T2A/cmr/m/n/12 Для лучшего понимания дизайна игры рекомендуется ознакомиться
 с аналогичными играми
 []


Overfull \hbox (3.05675pt too wide) in paragraph at lines 86--87
\T2A/cmr/m/n/12 жанра ѕраннерї на мобильных платформах, чтобы учитывать лучшие 
практики и выявить
 []


Overfull \hbox (21.86981pt too wide) in paragraph at lines 87--89
\T2A/cmr/m/n/12 движется вперед. Дополнительные материалы, такие как концепт-ар
ты и описание прототипа,
 []


LaTeX Font Warning: Font shape `T2A/cmr/bx/n' in size <15.59996> not available
(Font)              size <14.4> substituted on input line 96.


LaTeX Font Warning: Font shape `T2A/cmr/m/it' in size <13> not available
(Font)              size <12> substituted on input line 106.


Overfull \hbox (11.61717pt too wide) in paragraph at lines 114--115
[]\T2A/cmr/bx/n/12 Интуитивно понятный геймплей: \T2A/cmr/m/n/12 простой и инту
итивно понятный геймплей: Игра подходит
 []



[3]
Overfull \hbox (20.1704pt too wide) in paragraph at lines 115--116
\T2A/cmr/m/n/12 неизменным на протяжении всей игры. Это позволяет сосредоточить
ся на чистом и бесперебойном
 []


Overfull \hbox (4.38788pt too wide) in paragraph at lines 115--116
\T2A/cmr/m/n/12 игровом процессе, где главной задачей становится преодоление вс
е более сложных препятствий. 
 []


Overfull \hbox (5.46043pt too wide) in paragraph at lines 118--119
[]\T2A/cmr/bx/n/12 Фокус на рефлексах и внимании: \T2A/cmr/m/n/12 из-за того, ч
то изменения в игровом процессе ограничены
 []


Overfull \hbox (9.01059pt too wide) in paragraph at lines 125--126
\T2A/cmr/m/n/12 рекордов, игра предоставляет игрокам практически неограниченное
 количество сессий. Среднее
 []


Overfull \hbox (4.40485pt too wide) in paragraph at lines 133--134
\T2A/cmr/m/n/12 наполненный препятствиями и опасностями. Он движется вперед-наз
ад, и задача игрока ^^V избегать
 []



[4]
Overfull \hbox (12.2531pt too wide) in paragraph at lines 142--143
[]\T2A/cmr/m/n/12 Рост популярности инди-игр: 2D платформеры остаются востребов
анным жанром благодаря
 []


Overfull \hbox (18.385pt too wide) in paragraph at lines 149--150
[]\T2A/cmr/m/n/12 Учебный проект: Игра создается как учебный проект, что оправд
ывает еј экспериментальный
 []


Overfull \hbox (9.1554pt too wide) in paragraph at lines 150--151
[]\T2A/cmr/m/n/12 Ориентация на малые ресурсы: 2D платформеры требуют меньше те
хнических и временных
 []


Overfull \hbox (39.17284pt too wide) in paragraph at lines 152--153
[]\T2A/cmr/m/n/12 Возможность реализации уникальных идей: Платформеры предостав
ляют широкие возможности
 []



[5]
Overfull \hbox (13.85507pt too wide) in paragraph at lines 200--201
\T2A/cmr/m/n/12 Суть игрового процесса игры \T2A/cmr/bx/n/12 <<Гномик в лесу>> 
\T2A/cmr/m/n/12 заключается в управлении персонажем, преодолении
 []


Overfull \hbox (2.34494pt too wide) in paragraph at lines 202--203
\T2A/cmr/m/n/12 ловкости и реакции. Игровой процесс сосредоточен на последовате
льном преодолении препятствий,
 []


Overfull \hbox (2.80067pt too wide) in paragraph at lines 204--205
[]\T2A/cmr/bx/n/12 Прыжки и уклонения\T2A/cmr/m/n/12 : Игрок управляет гномиком
 с клавиатуры или геймпада, преодолевая
 []


Overfull \hbox (28.20346pt too wide) in paragraph at lines 212--213
[]\T2A/cmr/bx/n/12 Фокус на рефлексах и внимании\T2A/cmr/m/n/12 : Игра проверяе
т быстроту реакции и способность планировать
 []


Overfull \hbox (2.04665pt too wide) in paragraph at lines 213--214
[]\T2A/cmr/bx/n/12 Простота управления\T2A/cmr/m/n/12 : Простой интерфейс и отз
ывчивое управление делают игру доступной
 []



[6]
Overfull \hbox (2.94402pt too wide) in paragraph at lines 245--246
\T2A/cmr/m/n/12 В этой игре физическая модель ориентирована на взаимодействие п
ерсонажа ^^V маленького гномика
 []



[7]
Overfull \hbox (16.04637pt too wide) in paragraph at lines 253--254
\T2A/cmr/m/n/12 также может перемщаться влево или вправо, для чего используется
 стандартная парабола
 []


Overfull \hbox (3.15375pt too wide) in paragraph at lines 255--256
[]\T2A/cmr/m/n/12 Столкновения с препятствиями: В случае столкновения с объекто
м (например, деревом
 []


Overfull \hbox (10.45134pt too wide) in paragraph at lines 259--262
\T2A/cmr/m/n/12 отставала. При преследовании оса будет корректировать свој поло
жение в пространстве,
 []


Overfull \hbox (8.14139pt too wide) in paragraph at lines 267--268
[]\T2A/cmr/m/n/12 Направление движения: Ящерица движется к гномику, но в отличи
е от осы, еј движение
 []


Overfull \hbox (11.63484pt too wide) in paragraph at lines 269--270
[]\T2A/cmr/m/n/12 Логика уклонений: Если гномик уклоняется или прыгает, ящерица
 также будет пытаться
 []



[8]
Overfull \hbox (3.51993pt too wide) in paragraph at lines 281--282
[]\T2A/cmr/bx/n/12 Гравитация: \T2A/cmr/m/n/12 Все объекты в игре подвержены вл
иянию гравитации, что влияет на падение
 []


Overfull \hbox (26.64714pt too wide) in paragraph at lines 285--286
[]\T2A/cmr/m/n/12 Прыжок имеет начальную скорость, которая равна произведению с
илы на массу персонажа,
 []


Overfull \hbox (8.56572pt too wide) in paragraph at lines 287--288
[]\T2A/cmr/bx/n/12 Столкновения: \T2A/cmr/m/n/12 Когда гномик сталкивается с об
ъектом (деревом, землей), рассчитывается
 []



[9] (Design Document.aux)
 ***********
LaTeX2e <2024-11-01>
L3 programming layer <2024-11-02>
 ***********


LaTeX Font Warning: Size substitutions with differences
(Font)              up to 1.72395pt have occurred.

 ) 
Here is how much of TeX's memory you used:
 3594 strings out of 473683
 58926 string characters out of 5723536
 460806 words of memory out of 5000000
 26631 multiletter control sequences out of 15000+600000
 570431 words of font info for 63 fonts, out of 8000000 for 9000
 1141 hyphenation exceptions out of 8191
 79i,9n,93p,959b,291s stack positions out of 10000i,1000n,20000p,200000b,200000s
 </home/nastya/.miktex/texmfs/data/fonts/pk/ljfour/lh/lh-t2a/dpi600/lati1200.
pk> </home/nastya/.miktex/texmfs/data/fonts/pk/ljfour/lh/lh-t2a/dpi600/labx1440
.pk> </home/nastya/.miktex/texmfs/data/fonts/pk/ljfour/jknappen/ec/dpi600/tcrm1
200.pk> </home/nastya/.miktex/texmfs/data/fonts/pk/ljfour/lh/lh-t2a/dpi600/larm
1200.pk> </home/nastya/.miktex/texmfs/data/fonts/pk/ljfour/lh/lh-t2a/dpi600/lab
x1200.pk> </home/nastya/.miktex/texmfs/data/fonts/pk/ljfour/lh/lh-t2a/dpi600/la
bx1728.pk> </home/nastya/.miktex/texmfs/data/fonts/pk/ljfour/lh/lh-t2a/dpi600/l
arm1440.pk> </home/nastya/.miktex/texmfs/data/fonts/pk/ljfour/lh/lh-t2a/dpi600/
larm2074.pk>
Output written on "Design Document.pdf" (9 pages, 134105 bytes).
PDF statistics:
 359 PDF objects out of 1000 (max. 8388607)
 0 named destinations out of 1000 (max. 500000)
 1 words of extra memory for PDF output out of 10000 (max. 10000000)

